<?xml version="1.0" encoding="UTF-8"?>
<testsuite xmlns:xsi="http://www.w3.org/2001/XMLSchema-instance" xsi:noNamespaceSchemaLocation="https://maven.apache.org/surefire/maven-surefire-plugin/xsd/surefire-test-report.xsd" name="com.mulesoft.training.HelloMavenTest" time="9.624" tests="1" errors="0" skipped="0" failures="0">
  <properties>
    <property name="sun.desktop" value="windows"/>
    <property name="awt.toolkit" value="sun.awt.windows.WToolkit"/>
    <property name="file.encoding.pkg" value="sun.io"/>
    <property name="java.specification.version" value="1.8"/>
    <property name="sun.cpu.isalist" value="amd64"/>
    <property name="sun.jnu.encoding" value="Cp1252"/>
    <property name="java.class.path" value="D:\Mulesoft_Traning\Workspace\mule-proj2\target\test-classes;D:\Mulesoft_Traning\Workspace\mule-proj2\target\classes;C:\Users\kristipatim\.m2\repository\com\mulesoft\muleesb\mule-core-ee\3.8.5\mule-core-ee-3.8.5.jar;C:\Users\kristipatim\.m2\repository\org\mule\mule-core\3.8.5\mule-core-3.8.5.jar;C:\Users\kristipatim\.m2\repository\org\mule\extensions\mule-extensions-api\1.0.0-alpha-1\mule-extensions-api-1.0.0-alpha-1.jar;C:\Users\kristipatim\.m2\repository\commons-beanutils\commons-beanutils\1.9.3\commons-beanutils-1.9.3.jar;C:\Users\kristipatim\.m2\repository\com\github\stephenc\eaio-uuid\uuid\3.4.0\uuid-3.4.0.jar;C:\Users\kristipatim\.m2\repository\com\github\stephenc\eaio-grabbag\grabbag\1.8.1\grabbag-1.8.1.jar;C:\Users\kristipatim\.m2\repository\commons-cli\commons-cli\1.2\commons-cli-1.2.jar;C:\Users\kristipatim\.m2\repository\commons-collections\commons-collections\3.2.2\commons-collections-3.2.2.jar;C:\Users\kristipatim\.m2\repository\commons-io\commons-io\2.4\commons-io-2.4.jar;C:\Users\kristipatim\.m2\repository\commons-lang\commons-lang\2.4\commons-lang-2.4.jar;C:\Users\kristipatim\.m2\repository\commons-pool\commons-pool\1.6\commons-pool-1.6.jar;C:\Users\kristipatim\.m2\repository\org\apache\geronimo\specs\geronimo-jta_1.1_spec\1.1.1\geronimo-jta_1.1_spec-1.1.1.jar;C:\Users\kristipatim\.m2\repository\org\apache\geronimo\specs\geronimo-j2ee-connector_1.5_spec\2.0.0\geronimo-j2ee-connector_1.5_spec-2.0.0.jar;C:\Users\kristipatim\.m2\repository\javax\inject\javax.inject\1\javax.inject-1.jar;C:\Users\kristipatim\.m2\repository\com\lmax\disruptor\3.3.0\disruptor-3.3.0.jar;C:\Users\kristipatim\.m2\repository\org\slf4j\slf4j-api\1.7.24\slf4j-api-1.7.24.jar;C:\Users\kristipatim\.m2\repository\org\apache\logging\log4j\log4j-api\2.8.2\log4j-api-2.8.2.jar;C:\Users\kristipatim\.m2\repository\org\apache\logging\log4j\log4j-core\2.8.2\log4j-core-2.8.2.jar;C:\Users\kristipatim\.m2\repository\org\apache\logging\log4j\log4j-slf4j-impl\2.8.2\log4j-slf4j-impl-2.8.2.jar;C:\Users\kristipatim\.m2\repository\org\apache\logging\log4j\log4j-1.2-api\2.8.2\log4j-1.2-api-2.8.2.jar;C:\Users\kristipatim\.m2\repository\org\apache\logging\log4j\log4j-jcl\2.8.2\log4j-jcl-2.8.2.jar;C:\Users\kristipatim\.m2\repository\commons-logging\commons-logging\1.2\commons-logging-1.2.jar;C:\Users\kristipatim\.m2\repository\org\slf4j\jcl-over-slf4j\1.7.24\jcl-over-slf4j-1.7.24.jar;C:\Users\kristipatim\.m2\repository\org\apache\logging\log4j\log4j-jul\2.8.2\log4j-jul-2.8.2.jar;C:\Users\kristipatim\.m2\repository\asm\asm\3.1\asm-3.1.jar;C:\Users\kristipatim\.m2\repository\asm\asm-commons\3.1\asm-commons-3.1.jar;C:\Users\kristipatim\.m2\repository\asm\asm-tree\3.1\asm-tree-3.1.jar;C:\Users\kristipatim\.m2\repository\org\mule\mvel\mule-mvel2\2.1.9-MULE-012\mule-mvel2-2.1.9-MULE-012.jar;C:\Users\kristipatim\.m2\repository\org\jgrapht\jgrapht-jdk1.5\0.7.3\jgrapht-jdk1.5-0.7.3.jar;C:\Users\kristipatim\.m2\repository\org\mule\common\mule-common\3.8.5\mule-common-3.8.5.jar;C:\Users\kristipatim\.m2\repository\org\mulesoft\xmlbeans\xmlbeans\2.3.2\xmlbeans-2.3.2.jar;C:\Users\kristipatim\.m2\repository\javax\xml\stream\stax-api\1.0-2\stax-api-1.0-2.jar;C:\Users\kristipatim\.m2\repository\org\json\json\20140107\json-20140107.jar;C:\Users\kristipatim\.m2\repository\org\antlr\antlr-runtime\3.5\antlr-runtime-3.5.jar;C:\Users\kristipatim\.m2\repository\org\antlr\stringtemplate\3.2.1\stringtemplate-3.2.1.jar;C:\Users\kristipatim\.m2\repository\com\mulesoft\licm\licm\1.1.5\licm-1.1.5.jar;C:\Users\kristipatim\.m2\repository\de\schlichtherle\truelicense\1.29\truelicense-1.29.jar;C:\Users\kristipatim\.m2\repository\de\schlichtherle\truexml\1.29\truexml-1.29.jar;C:\Users\kristipatim\.m2\repository\opensymphony\propertyset\1.3\propertyset-1.3.jar;C:\Users\kristipatim\.m2\repository\opensymphony\oscore\2.2.4\oscore-2.2.4.jar;C:\Users\kristipatim\.m2\repository\org\aspectj\aspectjrt\1.8.5\aspectjrt-1.8.5.jar;C:\Users\kristipatim\.m2\repository\com\mulesoft\muleesb\modules\mule-module-spring-config-ee\3.8.5\mule-module-spring-config-ee-3.8.5.jar;C:\Users\kristipatim\.m2\repository\com\mulesoft\muleesb\modules\mule-module-multi-tx-ee\3.8.5\mule-module-multi-tx-ee-3.8.5.jar;C:\Users\kristipatim\.m2\repository\com\mulesoft\muleesb\modules\mule-module-xa-tx-ee\3.8.5\mule-module-xa-tx-ee-3.8.5.jar;C:\Users\kristipatim\.m2\repository\com\mulesoft\muleesb\modules\mule-module-cache-ee\3.8.5\mule-module-cache-ee-3.8.5.jar;C:\Users\kristipatim\.m2\repository\org\springframework\spring-context\4.1.9.RELEASE\spring-context-4.1.9.RELEASE.jar;C:\Users\kristipatim\.m2\repository\org\springframework\spring-core\4.1.9.RELEASE\spring-core-4.1.9.RELEASE.jar;C:\Users\kristipatim\.m2\repository\org\springframework\spring-expression\4.1.9.RELEASE\spring-expression-4.1.9.RELEASE.jar;C:\Users\kristipatim\.m2\repository\org\mule\transports\mule-transport-file\3.8.5\mule-transport-file-3.8.5.jar;C:\Users\kristipatim\.m2\repository\org\mule\transports\mule-transport-http\3.8.5\mule-transport-http-3.8.5.jar;C:\Users\kristipatim\.m2\repository\org\mule\transports\mule-transport-ssl\3.8.5\mule-transport-ssl-3.8.5.jar;C:\Users\kristipatim\.m2\repository\commons-codec\commons-codec\1.9\commons-codec-1.9.jar;C:\Users\kristipatim\.m2\repository\commons-httpclient\commons-httpclient\3.1\commons-httpclient-3.1.jar;C:\Users\kristipatim\.m2\repository\org\apache\tomcat\coyote\6.0.53\coyote-6.0.53.jar;C:\Users\kristipatim\.m2\repository\org\apache\tomcat\juli\6.0.53\juli-6.0.53.jar;C:\Users\kristipatim\.m2\repository\org\samba\jcifs\jcifs\1.3.3\jcifs-1.3.3.jar;C:\Users\kristipatim\.m2\repository\joda-time\joda-time\2.9.1\joda-time-2.9.1.jar;C:\Users\kristipatim\.m2\repository\com\mulesoft\muleesb\transports\mule-transport-jdbc-ee\3.8.5\mule-transport-jdbc-ee-3.8.5.jar;C:\Users\kristipatim\.m2\repository\org\mule\transports\mule-transport-jdbc\3.8.5\mule-transport-jdbc-3.8.5.jar;C:\Users\kristipatim\.m2\repository\com\experlog\xapool\1.5.0\xapool-1.5.0.jar;C:\Users\kristipatim\.m2\repository\net\sf\flatpack\flatpack\3.1.1\flatpack-3.1.1.jar;C:\Users\kristipatim\.m2\repository\org\jdom\jdom\2.0.2\jdom-2.0.2.jar;C:\Users\kristipatim\.m2\repository\dom4j\dom4j\1.6.1\dom4j-1.6.1.jar;C:\Users\kristipatim\.m2\repository\com\mulesoft\muleesb\transports\mule-transport-jms-ee\3.8.5\mule-transport-jms-ee-3.8.5.jar;C:\Users\kristipatim\.m2\repository\org\mule\transports\mule-transport-jms\3.8.5\mule-transport-jms-3.8.5.jar;C:\Users\kristipatim\.m2\repository\org\apache\geronimo\specs\geronimo-jms_1.1_spec\1.1.1\geronimo-jms_1.1_spec-1.1.1.jar;C:\Users\kristipatim\.m2\repository\org\springframework\spring-jms\4.1.9.RELEASE\spring-jms-4.1.9.RELEASE.jar;C:\Users\kristipatim\.m2\repository\org\springframework\spring-messaging\4.1.9.RELEASE\spring-messaging-4.1.9.RELEASE.jar;C:\Users\kristipatim\.m2\repository\org\springframework\spring-tx\4.1.9.RELEASE\spring-tx-4.1.9.RELEASE.jar;C:\Users\kristipatim\.m2\repository\org\mule\transports\mule-transport-vm\3.8.5\mule-transport-vm-3.8.5.jar;C:\Users\kristipatim\.m2\repository\org\mule\modules\mule-module-scripting\3.8.5\mule-module-scripting-3.8.5.jar;C:\Users\kristipatim\.m2\repository\org\springframework\spring-aop\4.1.9.RELEASE\spring-aop-4.1.9.RELEASE.jar;C:\Users\kristipatim\.m2\repository\aopalliance\aopalliance\1.0\aopalliance-1.0.jar;C:\Users\kristipatim\.m2\repository\org\mule\modules\mule-module-builders\3.8.5\mule-module-builders-3.8.5.jar;C:\Users\kristipatim\.m2\repository\org\springframework\spring-web\4.1.9.RELEASE\spring-web-4.1.9.RELEASE.jar;C:\Users\kristipatim\.m2\repository\org\codehaus\groovy\groovy-all\2.4.4\groovy-all-2.4.4-indy.jar;C:\Users\kristipatim\.m2\repository\org\python\jython-standalone\2.7.0\jython-standalone-2.7.0.jar;C:\Users\kristipatim\.m2\repository\javax\script\js-engine\1.1\js-engine-1.1-jdk14.jar;C:\Users\kristipatim\.m2\repository\org\mozilla\rhino\1.7R4\rhino-1.7R4.jar;C:\Users\kristipatim\.m2\repository\org\mule\modules\mule-module-scripting-jruby\3.8.5\mule-module-scripting-jruby-3.8.5.jar;C:\Users\kristipatim\.m2\repository\org\jruby\jruby-stdlib\1.7.27\jruby-stdlib-1.7.27.jar;C:\Users\kristipatim\.m2\repository\org\jruby\joni\joni\2.1.9\joni-2.1.9.jar;C:\Users\kristipatim\.m2\repository\com\github\jnr\jnr-netdb\1.1.2\jnr-netdb-1.1.2.jar;C:\Users\kristipatim\.m2\repository\com\github\jnr\jnr-enxio\0.9\jnr-enxio-0.9.jar;C:\Users\kristipatim\.m2\repository\com\github\jnr\jnr-x86asm\1.0.2\jnr-x86asm-1.0.2.jar;C:\Users\kristipatim\.m2\repository\com\github\jnr\jnr-unixsocket\0.8\jnr-unixsocket-0.8.jar;C:\Users\kristipatim\.m2\repository\com\github\jnr\jnr-posix\3.0.27\jnr-posix-3.0.27.jar;C:\Users\kristipatim\.m2\repository\org\jruby\extras\bytelist\1.0.11\bytelist-1.0.11.jar;C:\Users\kristipatim\.m2\repository\com\github\jnr\jnr-constants\0.9.0\jnr-constants-0.9.0.jar;C:\Users\kristipatim\.m2\repository\org\jruby\jcodings\jcodings\1.0.16\jcodings-1.0.16.jar;C:\Users\kristipatim\.m2\repository\com\github\jnr\jffi\1.2.10\jffi-1.2.10.jar;C:\Users\kristipatim\.m2\repository\com\github\jnr\jffi\1.2.10\jffi-1.2.10-native.jar;C:\Users\kristipatim\.m2\repository\org\yaml\snakeyaml\1.15\snakeyaml-1.15.jar;C:\Users\kristipatim\.m2\repository\com\jcraft\jzlib\1.1.3\jzlib-1.1.3.jar;C:\Users\kristipatim\.m2\repository\com\headius\invokebinder\1.2\invokebinder-1.2.jar;C:\Users\kristipatim\.m2\repository\com\headius\options\1.3\options-1.3.jar;C:\Users\kristipatim\.m2\repository\com\martiansoftware\nailgun-server\0.9.1\nailgun-server-0.9.1.jar;C:\Users\kristipatim\.m2\repository\org\jruby\yecht\1.1\yecht-1.1-jruby.jar;C:\Users\kristipatim\.m2\repository\org\mule\modules\mule-module-xml\3.8.5\mule-module-xml-3.8.5.jar;C:\Users\kristipatim\.m2\repository\commons-jxpath\commons-jxpath\1.3\commons-jxpath-1.3.jar;C:\Users\kristipatim\.m2\repository\com\thoughtworks\xstream\xstream\1.4.10\xstream-1.4.10.jar;C:\Users\kristipatim\.m2\repository\xmlpull\xmlpull\1.1.3.1\xmlpull-1.1.3.1.jar;C:\Users\kristipatim\.m2\repository\xpp3\xpp3_min\1.1.3.4.O\xpp3_min-1.1.3.4.O.jar;C:\Users\kristipatim\.m2\repository\org\codehaus\woodstox\woodstox-core-asl\4.4.1\woodstox-core-asl-4.4.1.jar;C:\Users\kristipatim\.m2\repository\org\codehaus\woodstox\stax2-api\3.1.4\stax2-api-3.1.4.jar;C:\Users\kristipatim\.m2\repository\jaxen\jaxen\1.1.1\jaxen-1.1.1.jar;C:\Users\kristipatim\.m2\repository\jdom\jdom\1.0\jdom-1.0.jar;C:\Users\kristipatim\.m2\repository\net\java\dev\stax-utils\stax-utils\20080702\stax-utils-20080702.jar;C:\Users\kristipatim\.m2\repository\net\sf\saxon\Saxon-HE\9.6.0-7\Saxon-HE-9.6.0-7.jar;C:\Users\kristipatim\.m2\repository\net\sf\saxon\Saxon-HE\9.6.0-7\Saxon-HE-9.6.0-7-xqj.jar;C:\Users\kristipatim\.m2\repository\javax\xml\xquery\xqj-api\1.0\xqj-api-1.0.jar;C:\Users\kristipatim\.m2\repository\org\mule\tests\mule-tests-functional\3.8.5\mule-tests-functional-3.8.5.jar;C:\Users\kristipatim\.m2\repository\org\mule\modules\mule-module-extensions-support\3.8.5\mule-module-extensions-support-3.8.5.jar;C:\Users\kristipatim\.m2\repository\org\mule\extensions\mule-extensions-annotations\1.0.0-alpha-1\mule-extensions-annotations-1.0.0-alpha-1.jar;C:\Users\kristipatim\.m2\repository\org\springframework\spring-beans\4.1.9.RELEASE\spring-beans-4.1.9.RELEASE.jar;C:\Users\kristipatim\.m2\repository\junit\junit\4.12\junit-4.12.jar;C:\Users\kristipatim\.m2\repository\org\hamcrest\hamcrest-library\1.3\hamcrest-library-1.3.jar;C:\Users\kristipatim\.m2\repository\org\hamcrest\hamcrest-core\1.3\hamcrest-core-1.3.jar;C:\Users\kristipatim\.m2\repository\commons-net\commons-net\3.5\commons-net-3.5.jar;C:\Users\kristipatim\.m2\repository\org\apache\ftpserver\ftpserver-core\1.0.6\ftpserver-core-1.0.6.jar;C:\Users\kristipatim\.m2\repository\org\apache\mina\mina-core\2.0.4\mina-core-2.0.4.jar;C:\Users\kristipatim\.m2\repository\org\apache\ftpserver\ftplet-api\1.0.6\ftplet-api-1.0.6.jar;C:\Users\kristipatim\.m2\repository\org\apache\sshd\sshd-core\1.0.0\sshd-core-1.0.0.jar;C:\Users\kristipatim\.m2\repository\org\bouncycastle\bcprov-jdk15on\1.56\bcprov-jdk15on-1.56.jar;C:\Users\kristipatim\.m2\repository\commons-dbutils\commons-dbutils\1.2\commons-dbutils-1.2.jar;C:\Users\kristipatim\.m2\repository\org\reflections\reflections\0.9.9\reflections-0.9.9.jar;C:\Users\kristipatim\.m2\repository\org\mule\mule-core\3.8.5\mule-core-3.8.5-tests.jar;C:\Users\kristipatim\.m2\repository\org\mockito\mockito-core\1.10.19\mockito-core-1.10.19.jar;C:\Users\kristipatim\.m2\repository\org\objenesis\objenesis\2.1\objenesis-2.1.jar;C:\Users\kristipatim\.m2\repository\org\mule\modules\mule-module-apikit\3.8.5\mule-module-apikit-3.8.5.jar;C:\Users\kristipatim\.m2\repository\org\mule\raml\parser-interface-impl-v1\3.8.5\parser-interface-impl-v1-3.8.5.jar;C:\Users\kristipatim\.m2\repository\org\raml\raml-parser\0.8.18\raml-parser-0.8.18.jar;C:\Users\kristipatim\.m2\repository\org\slf4j\slf4j-log4j12\1.7.5\slf4j-log4j12-1.7.5.jar;C:\Users\kristipatim\.m2\repository\com\googlecode\juniversalchardet\juniversalchardet\1.0.3\juniversalchardet-1.0.3.jar;C:\Users\kristipatim\.m2\repository\org\mule\raml\parser-interface\3.8.5\parser-interface-3.8.5.jar;C:\Users\kristipatim\.m2\repository\org\mule\raml\parser-interface-impl-v2\3.8.5\parser-interface-impl-v2-3.8.5.jar;C:\Users\kristipatim\.m2\repository\org\raml\raml-parser-2\1.0.10\raml-parser-2-1.0.10.jar;C:\Users\kristipatim\.m2\repository\org\raml\yagi\1.0.10\yagi-1.0.10.jar;C:\Users\kristipatim\.m2\repository\com\google\code\findbugs\annotations\3.0.0\annotations-3.0.0.jar;C:\Users\kristipatim\.m2\repository\org\apache\ws\xmlschema\xmlschema-core\2.2.1\xmlschema-core-2.2.1.jar;C:\Users\kristipatim\.m2\repository\javax\json\javax.json-api\1.0\javax.json-api-1.0.jar;C:\Users\kristipatim\.m2\repository\org\glassfish\javax.json\1.0.4\javax.json-1.0.4.jar;C:\Users\kristipatim\.m2\repository\org\mule\modules\mule-module-apikit-spi\3.8.5\mule-module-apikit-spi-3.8.5.jar;C:\Users\kristipatim\.m2\repository\com\fasterxml\jackson\module\jackson-module-jsonSchema\2.6.6\jackson-module-jsonSchema-2.6.6.jar;C:\Users\kristipatim\.m2\repository\com\fasterxml\jackson\core\jackson-annotations\2.6.0\jackson-annotations-2.6.0.jar;C:\Users\kristipatim\.m2\repository\com\fasterxml\jackson\core\jackson-core\2.6.6\jackson-core-2.6.6.jar;C:\Users\kristipatim\.m2\repository\javax\validation\validation-api\1.1.0.Final\validation-api-1.1.0.Final.jar;C:\Users\kristipatim\.m2\repository\org\mule\modules\mule-module-cors\2.1.2\mule-module-cors-2.1.2.jar;C:\Users\kristipatim\.m2\repository\wsdl4j\wsdl4j\1.6.2\wsdl4j-1.6.2.jar;C:\Users\kristipatim\.m2\repository\com\google\guava\guava\18.0\guava-18.0.jar;C:\Users\kristipatim\.m2\repository\com\github\fge\json-schema-validator\2.2.6\json-schema-validator-2.2.6.jar;C:\Users\kristipatim\.m2\repository\com\googlecode\libphonenumber\libphonenumber\6.2\libphonenumber-6.2.jar;C:\Users\kristipatim\.m2\repository\com\github\fge\json-schema-core\1.2.5\json-schema-core-1.2.5.jar;C:\Users\kristipatim\.m2\repository\com\github\fge\uri-template\0.9\uri-template-0.9.jar;C:\Users\kristipatim\.m2\repository\com\github\fge\msg-simple\1.1\msg-simple-1.1.jar;C:\Users\kristipatim\.m2\repository\com\github\fge\btf\1.2\btf-1.2.jar;C:\Users\kristipatim\.m2\repository\com\github\fge\jackson-coreutils\1.8\jackson-coreutils-1.8.jar;C:\Users\kristipatim\.m2\repository\javax\mail\mailapi\1.4.3\mailapi-1.4.3.jar;C:\Users\kristipatim\.m2\repository\net\sf\jopt-simple\jopt-simple\4.6\jopt-simple-4.6.jar;C:\Users\kristipatim\.m2\repository\com\fasterxml\jackson\core\jackson-databind\2.6.6\jackson-databind-2.6.6.jar;C:\Users\kristipatim\.m2\repository\com\sun\xml\bind\jaxb-impl\2.1.17\jaxb-impl-2.1.17.jar;C:\Users\kristipatim\.m2\repository\com\sun\xml\bind\jaxb-xjc\2.1.17\jaxb-xjc-2.1.17.jar;C:\Users\kristipatim\.m2\repository\com\sun\xml\fastinfoset\FastInfoset\1.2.12\FastInfoset-1.2.12.jar;C:\Users\kristipatim\.m2\repository\javax\xml\bind\jsr173_api\1.0\jsr173_api-1.0.jar;C:\Users\kristipatim\.m2\repository\org\mule\modules\mule-module-http\3.8.5\mule-module-http-3.8.5.jar;C:\Users\kristipatim\.m2\repository\org\mule\transports\mule-transport-tcp\3.8.5\mule-transport-tcp-3.8.5.jar;C:\Users\kristipatim\.m2\repository\org\apache\geronimo\specs\geronimo-servlet_3.0_spec\1.0\geronimo-servlet_3.0_spec-1.0.jar;C:\Users\kristipatim\.m2\repository\org\glassfish\grizzly\grizzly-framework\2.3.29\grizzly-framework-2.3.29.jar;C:\Users\kristipatim\.m2\repository\org\glassfish\grizzly\grizzly-http-server\2.3.29\grizzly-http-server-2.3.29.jar;C:\Users\kristipatim\.m2\repository\org\glassfish\grizzly\grizzly-http\2.3.29\grizzly-http-2.3.29.jar;C:\Users\kristipatim\.m2\repository\org\glassfish\grizzly\connection-pool\2.3.29\connection-pool-2.3.29.jar;C:\Users\kristipatim\.m2\repository\javax\mail\mail\1.4.3\mail-1.4.3.jar;C:\Users\kristipatim\.m2\repository\com\ning\async-http-client\1.9.39\async-http-client-1.9.39.jar;C:\Users\kristipatim\.m2\repository\org\glassfish\grizzly\grizzly-websockets\2.3.29\grizzly-websockets-2.3.29.jar;C:\Users\kristipatim\.m2\repository\org\mule\modules\mule-module-spring-config\3.8.5\mule-module-spring-config-3.8.5.jar;C:\Users\kristipatim\.m2\repository\org\mule\modules\mule-module-annotations\3.8.5\mule-module-annotations-3.8.5.jar;C:\Users\kristipatim\.m2\repository\cglib\cglib-nodep\2.2\cglib-nodep-2.2.jar;C:\Users\kristipatim\.m2\repository\com\mulesoft\munit\mule-munit-support\3.8.5\mule-munit-support-3.8.5.jar;C:\Users\kristipatim\.m2\repository\org\mule\modules\mule-module-devkit-support\3.8.0\mule-module-devkit-support-3.8.0.jar;C:\Users\kristipatim\.m2\repository\oauth\signpost\signpost-core\1.2.1.2\signpost-core-1.2.1.2.jar;C:\Users\kristipatim\.m2\repository\com\mulesoft\modules\mule-interceptor-module\3.8.5\mule-interceptor-module-3.8.5.jar;C:\Users\kristipatim\.m2\repository\xerces\xercesImpl\2.11.0\xercesImpl-2.11.0.jar;C:\Users\kristipatim\.m2\repository\xml-apis\xml-apis\1.4.01\xml-apis-1.4.01.jar;C:\Users\kristipatim\.m2\repository\com\mulesoft\munit\munit-runner\1.3.5\munit-runner-1.3.5.jar;C:\Users\kristipatim\.m2\repository\com\mulesoft\munit\munit-assert\1.3.5\munit-assert-1.3.5.jar;C:\Users\kristipatim\.m2\repository\com\mulesoft\munit\munit-common\1.3.5\munit-common-1.3.5.jar;C:\Users\kristipatim\.m2\repository\org\mockito\mockito-all\1.8.2\mockito-all-1.8.2.jar;C:\Users\kristipatim\.m2\repository\com\mulesoft\munit\munit-mock\1.3.5\munit-mock-1.3.5.jar;C:\Users\kristipatim\.m2\repository\org\apache\commons\commons-lang3\3.0\commons-lang3-3.0.jar;C:\Users\kristipatim\.m2\repository\com\mulesoft\weave\mule-plugin-weave\3.8.5\mule-plugin-weave-3.8.5.jar;C:\Users\kristipatim\.m2\repository\org\scala-lang\scala-library\2.11.7\scala-library-2.11.7.jar;C:\Users\kristipatim\.m2\repository\com\mulesoft\weave\core\1.1.5\core-1.1.5.jar;C:\Users\kristipatim\.m2\repository\com\mulesoft\weave\parser\1.1.5\parser-1.1.5.jar;C:\Users\kristipatim\.m2\repository\org\parboiled\parboiled_2.11\2.1.3\parboiled_2.11-2.1.3.jar;C:\Users\kristipatim\.m2\repository\com\chuusai\shapeless_2.11\2.3.0\shapeless_2.11-2.3.0.jar;C:\Users\kristipatim\.m2\repository\org\typelevel\macro-compat_2.11\1.1.1\macro-compat_2.11-1.1.1.jar;C:\Users\kristipatim\.m2\repository\org\spire-math\spire_2.11\0.11.0\spire_2.11-0.11.0.jar;C:\Users\kristipatim\.m2\repository\org\spire-math\spire-macros_2.11\0.11.0\spire-macros_2.11-0.11.0.jar;C:\Users\kristipatim\.m2\repository\org\typelevel\machinist_2.11\0.4.1\machinist_2.11-0.4.1.jar;C:\Users\kristipatim\.m2\repository\org\threeten\threetenbp\1.3.1\threetenbp-1.3.1.jar;C:\Users\kristipatim\.m2\repository\com\fasterxml\woodstox\woodstox-core\5.0.2\woodstox-core-5.0.2.jar;C:\Users\kristipatim\.m2\repository\com\fasterxml\aalto-xml\1.0.0\aalto-xml-1.0.0.jar;C:\Users\kristipatim\.m2\repository\com\mulesoft\weave\flatfile\1.1.5\flatfile-1.1.5.jar;C:\Users\kristipatim\.m2\repository\org\mule\edi\edi-parser\1.2.8\edi-parser-1.2.8.jar;C:\Users\kristipatim\.m2\repository\org\mule\edi\ltm-datamodel\1.2.8\ltm-datamodel-1.2.8.jar;C:\Users\kristipatim\.m2\repository\log4j\log4j\1.2.17\log4j-1.2.17.jar;C:\Users\kristipatim\.m2\repository\org\scala-lang\scala-reflect\2.11.2\scala-reflect-2.11.2.jar;C:\Users\kristipatim\.m2\repository\org\scala-lang\modules\scala-xml_2.11\1.0.2\scala-xml_2.11-1.0.2.jar;C:\Users\kristipatim\.m2\repository\org\scala-lang\scala-compiler\2.11.5\scala-compiler-2.11.5.jar;C:\Users\kristipatim\.m2\repository\org\scala-lang\modules\scala-parser-combinators_2.11\1.0.3\scala-parser-combinators_2.11-1.0.3.jar;C:\Users\kristipatim\.m2\repository\com\mulesoft\weave\excel\1.1.5\excel-1.1.5.jar;C:\Users\kristipatim\.m2\repository\org\apache\poi\poi\3.15\poi-3.15.jar;C:\Users\kristipatim\.m2\repository\org\apache\commons\commons-collections4\4.1\commons-collections4-4.1.jar;C:\Users\kristipatim\.m2\repository\org\apache\poi\poi-ooxml\3.15\poi-ooxml-3.15.jar;C:\Users\kristipatim\.m2\repository\org\apache\poi\poi-ooxml-schemas\3.15\poi-ooxml-schemas-3.15.jar;C:\Users\kristipatim\.m2\repository\org\apache\xmlbeans\xmlbeans\2.6.0\xmlbeans-2.6.0.jar;C:\Users\kristipatim\.m2\repository\stax\stax-api\1.0.1\stax-api-1.0.1.jar;C:\Users\kristipatim\.m2\repository\com\github\virtuald\curvesapi\1.04\curvesapi-1.04.jar;"/>
    <property name="java.vm.vendor" value="Oracle Corporation"/>
    <property name="sun.arch.data.model" value="64"/>
    <property name="skipMunitTests" value="true"/>
    <property name="user.variant" value=""/>
    <property name="java.vendor.url" value="http://java.oracle.com/"/>
    <property name="user.timezone" value=""/>
    <property name="java.vm.specification.version" value="1.8"/>
    <property name="os.name" value="Windows 10"/>
    <property name="user.country" value="US"/>
    <property name="sun.java.launcher" value="SUN_STANDARD"/>
    <property name="sun.boot.library.path" value="C:\Program Files\Java\jdk1.8.0_131\jre\bin"/>
    <property name="sun.java.command" value="C:\Users\KRISTI~1\AppData\Local\Temp\surefire2065170898115665601\surefirebooter7984009049662989209.jar C:\Users\kristipatim\AppData\Local\Temp\surefire2065170898115665601 2018-03-13T11-46-35_539-jvmRun1 surefire6653009640364776802tmp surefire_01619173443388841009tmp"/>
    <property name="surefire.test.class.path" value="D:\Mulesoft_Traning\Workspace\mule-proj2\target\test-classes;D:\Mulesoft_Traning\Workspace\mule-proj2\target\classes;C:\Users\kristipatim\.m2\repository\com\mulesoft\muleesb\mule-core-ee\3.8.5\mule-core-ee-3.8.5.jar;C:\Users\kristipatim\.m2\repository\org\mule\mule-core\3.8.5\mule-core-3.8.5.jar;C:\Users\kristipatim\.m2\repository\org\mule\extensions\mule-extensions-api\1.0.0-alpha-1\mule-extensions-api-1.0.0-alpha-1.jar;C:\Users\kristipatim\.m2\repository\commons-beanutils\commons-beanutils\1.9.3\commons-beanutils-1.9.3.jar;C:\Users\kristipatim\.m2\repository\com\github\stephenc\eaio-uuid\uuid\3.4.0\uuid-3.4.0.jar;C:\Users\kristipatim\.m2\repository\com\github\stephenc\eaio-grabbag\grabbag\1.8.1\grabbag-1.8.1.jar;C:\Users\kristipatim\.m2\repository\commons-cli\commons-cli\1.2\commons-cli-1.2.jar;C:\Users\kristipatim\.m2\repository\commons-collections\commons-collections\3.2.2\commons-collections-3.2.2.jar;C:\Users\kristipatim\.m2\repository\commons-io\commons-io\2.4\commons-io-2.4.jar;C:\Users\kristipatim\.m2\repository\commons-lang\commons-lang\2.4\commons-lang-2.4.jar;C:\Users\kristipatim\.m2\repository\commons-pool\commons-pool\1.6\commons-pool-1.6.jar;C:\Users\kristipatim\.m2\repository\org\apache\geronimo\specs\geronimo-jta_1.1_spec\1.1.1\geronimo-jta_1.1_spec-1.1.1.jar;C:\Users\kristipatim\.m2\repository\org\apache\geronimo\specs\geronimo-j2ee-connector_1.5_spec\2.0.0\geronimo-j2ee-connector_1.5_spec-2.0.0.jar;C:\Users\kristipatim\.m2\repository\javax\inject\javax.inject\1\javax.inject-1.jar;C:\Users\kristipatim\.m2\repository\com\lmax\disruptor\3.3.0\disruptor-3.3.0.jar;C:\Users\kristipatim\.m2\repository\org\slf4j\slf4j-api\1.7.24\slf4j-api-1.7.24.jar;C:\Users\kristipatim\.m2\repository\org\apache\logging\log4j\log4j-api\2.8.2\log4j-api-2.8.2.jar;C:\Users\kristipatim\.m2\repository\org\apache\logging\log4j\log4j-core\2.8.2\log4j-core-2.8.2.jar;C:\Users\kristipatim\.m2\repository\org\apache\logging\log4j\log4j-slf4j-impl\2.8.2\log4j-slf4j-impl-2.8.2.jar;C:\Users\kristipatim\.m2\repository\org\apache\logging\log4j\log4j-1.2-api\2.8.2\log4j-1.2-api-2.8.2.jar;C:\Users\kristipatim\.m2\repository\org\apache\logging\log4j\log4j-jcl\2.8.2\log4j-jcl-2.8.2.jar;C:\Users\kristipatim\.m2\repository\commons-logging\commons-logging\1.2\commons-logging-1.2.jar;C:\Users\kristipatim\.m2\repository\org\slf4j\jcl-over-slf4j\1.7.24\jcl-over-slf4j-1.7.24.jar;C:\Users\kristipatim\.m2\repository\org\apache\logging\log4j\log4j-jul\2.8.2\log4j-jul-2.8.2.jar;C:\Users\kristipatim\.m2\repository\asm\asm\3.1\asm-3.1.jar;C:\Users\kristipatim\.m2\repository\asm\asm-commons\3.1\asm-commons-3.1.jar;C:\Users\kristipatim\.m2\repository\asm\asm-tree\3.1\asm-tree-3.1.jar;C:\Users\kristipatim\.m2\repository\org\mule\mvel\mule-mvel2\2.1.9-MULE-012\mule-mvel2-2.1.9-MULE-012.jar;C:\Users\kristipatim\.m2\repository\org\jgrapht\jgrapht-jdk1.5\0.7.3\jgrapht-jdk1.5-0.7.3.jar;C:\Users\kristipatim\.m2\repository\org\mule\common\mule-common\3.8.5\mule-common-3.8.5.jar;C:\Users\kristipatim\.m2\repository\org\mulesoft\xmlbeans\xmlbeans\2.3.2\xmlbeans-2.3.2.jar;C:\Users\kristipatim\.m2\repository\javax\xml\stream\stax-api\1.0-2\stax-api-1.0-2.jar;C:\Users\kristipatim\.m2\repository\org\json\json\20140107\json-20140107.jar;C:\Users\kristipatim\.m2\repository\org\antlr\antlr-runtime\3.5\antlr-runtime-3.5.jar;C:\Users\kristipatim\.m2\repository\org\antlr\stringtemplate\3.2.1\stringtemplate-3.2.1.jar;C:\Users\kristipatim\.m2\repository\com\mulesoft\licm\licm\1.1.5\licm-1.1.5.jar;C:\Users\kristipatim\.m2\repository\de\schlichtherle\truelicense\1.29\truelicense-1.29.jar;C:\Users\kristipatim\.m2\repository\de\schlichtherle\truexml\1.29\truexml-1.29.jar;C:\Users\kristipatim\.m2\repository\opensymphony\propertyset\1.3\propertyset-1.3.jar;C:\Users\kristipatim\.m2\repository\opensymphony\oscore\2.2.4\oscore-2.2.4.jar;C:\Users\kristipatim\.m2\repository\org\aspectj\aspectjrt\1.8.5\aspectjrt-1.8.5.jar;C:\Users\kristipatim\.m2\repository\com\mulesoft\muleesb\modules\mule-module-spring-config-ee\3.8.5\mule-module-spring-config-ee-3.8.5.jar;C:\Users\kristipatim\.m2\repository\com\mulesoft\muleesb\modules\mule-module-multi-tx-ee\3.8.5\mule-module-multi-tx-ee-3.8.5.jar;C:\Users\kristipatim\.m2\repository\com\mulesoft\muleesb\modules\mule-module-xa-tx-ee\3.8.5\mule-module-xa-tx-ee-3.8.5.jar;C:\Users\kristipatim\.m2\repository\com\mulesoft\muleesb\modules\mule-module-cache-ee\3.8.5\mule-module-cache-ee-3.8.5.jar;C:\Users\kristipatim\.m2\repository\org\springframework\spring-context\4.1.9.RELEASE\spring-context-4.1.9.RELEASE.jar;C:\Users\kristipatim\.m2\repository\org\springframework\spring-core\4.1.9.RELEASE\spring-core-4.1.9.RELEASE.jar;C:\Users\kristipatim\.m2\repository\org\springframework\spring-expression\4.1.9.RELEASE\spring-expression-4.1.9.RELEASE.jar;C:\Users\kristipatim\.m2\repository\org\mule\transports\mule-transport-file\3.8.5\mule-transport-file-3.8.5.jar;C:\Users\kristipatim\.m2\repository\org\mule\transports\mule-transport-http\3.8.5\mule-transport-http-3.8.5.jar;C:\Users\kristipatim\.m2\repository\org\mule\transports\mule-transport-ssl\3.8.5\mule-transport-ssl-3.8.5.jar;C:\Users\kristipatim\.m2\repository\commons-codec\commons-codec\1.9\commons-codec-1.9.jar;C:\Users\kristipatim\.m2\repository\commons-httpclient\commons-httpclient\3.1\commons-httpclient-3.1.jar;C:\Users\kristipatim\.m2\repository\org\apache\tomcat\coyote\6.0.53\coyote-6.0.53.jar;C:\Users\kristipatim\.m2\repository\org\apache\tomcat\juli\6.0.53\juli-6.0.53.jar;C:\Users\kristipatim\.m2\repository\org\samba\jcifs\jcifs\1.3.3\jcifs-1.3.3.jar;C:\Users\kristipatim\.m2\repository\joda-time\joda-time\2.9.1\joda-time-2.9.1.jar;C:\Users\kristipatim\.m2\repository\com\mulesoft\muleesb\transports\mule-transport-jdbc-ee\3.8.5\mule-transport-jdbc-ee-3.8.5.jar;C:\Users\kristipatim\.m2\repository\org\mule\transports\mule-transport-jdbc\3.8.5\mule-transport-jdbc-3.8.5.jar;C:\Users\kristipatim\.m2\repository\com\experlog\xapool\1.5.0\xapool-1.5.0.jar;C:\Users\kristipatim\.m2\repository\net\sf\flatpack\flatpack\3.1.1\flatpack-3.1.1.jar;C:\Users\kristipatim\.m2\repository\org\jdom\jdom\2.0.2\jdom-2.0.2.jar;C:\Users\kristipatim\.m2\repository\dom4j\dom4j\1.6.1\dom4j-1.6.1.jar;C:\Users\kristipatim\.m2\repository\com\mulesoft\muleesb\transports\mule-transport-jms-ee\3.8.5\mule-transport-jms-ee-3.8.5.jar;C:\Users\kristipatim\.m2\repository\org\mule\transports\mule-transport-jms\3.8.5\mule-transport-jms-3.8.5.jar;C:\Users\kristipatim\.m2\repository\org\apache\geronimo\specs\geronimo-jms_1.1_spec\1.1.1\geronimo-jms_1.1_spec-1.1.1.jar;C:\Users\kristipatim\.m2\repository\org\springframework\spring-jms\4.1.9.RELEASE\spring-jms-4.1.9.RELEASE.jar;C:\Users\kristipatim\.m2\repository\org\springframework\spring-messaging\4.1.9.RELEASE\spring-messaging-4.1.9.RELEASE.jar;C:\Users\kristipatim\.m2\repository\org\springframework\spring-tx\4.1.9.RELEASE\spring-tx-4.1.9.RELEASE.jar;C:\Users\kristipatim\.m2\repository\org\mule\transports\mule-transport-vm\3.8.5\mule-transport-vm-3.8.5.jar;C:\Users\kristipatim\.m2\repository\org\mule\modules\mule-module-scripting\3.8.5\mule-module-scripting-3.8.5.jar;C:\Users\kristipatim\.m2\repository\org\springframework\spring-aop\4.1.9.RELEASE\spring-aop-4.1.9.RELEASE.jar;C:\Users\kristipatim\.m2\repository\aopalliance\aopalliance\1.0\aopalliance-1.0.jar;C:\Users\kristipatim\.m2\repository\org\mule\modules\mule-module-builders\3.8.5\mule-module-builders-3.8.5.jar;C:\Users\kristipatim\.m2\repository\org\springframework\spring-web\4.1.9.RELEASE\spring-web-4.1.9.RELEASE.jar;C:\Users\kristipatim\.m2\repository\org\codehaus\groovy\groovy-all\2.4.4\groovy-all-2.4.4-indy.jar;C:\Users\kristipatim\.m2\repository\org\python\jython-standalone\2.7.0\jython-standalone-2.7.0.jar;C:\Users\kristipatim\.m2\repository\javax\script\js-engine\1.1\js-engine-1.1-jdk14.jar;C:\Users\kristipatim\.m2\repository\org\mozilla\rhino\1.7R4\rhino-1.7R4.jar;C:\Users\kristipatim\.m2\repository\org\mule\modules\mule-module-scripting-jruby\3.8.5\mule-module-scripting-jruby-3.8.5.jar;C:\Users\kristipatim\.m2\repository\org\jruby\jruby-stdlib\1.7.27\jruby-stdlib-1.7.27.jar;C:\Users\kristipatim\.m2\repository\org\jruby\joni\joni\2.1.9\joni-2.1.9.jar;C:\Users\kristipatim\.m2\repository\com\github\jnr\jnr-netdb\1.1.2\jnr-netdb-1.1.2.jar;C:\Users\kristipatim\.m2\repository\com\github\jnr\jnr-enxio\0.9\jnr-enxio-0.9.jar;C:\Users\kristipatim\.m2\repository\com\github\jnr\jnr-x86asm\1.0.2\jnr-x86asm-1.0.2.jar;C:\Users\kristipatim\.m2\repository\com\github\jnr\jnr-unixsocket\0.8\jnr-unixsocket-0.8.jar;C:\Users\kristipatim\.m2\repository\com\github\jnr\jnr-posix\3.0.27\jnr-posix-3.0.27.jar;C:\Users\kristipatim\.m2\repository\org\jruby\extras\bytelist\1.0.11\bytelist-1.0.11.jar;C:\Users\kristipatim\.m2\repository\com\github\jnr\jnr-constants\0.9.0\jnr-constants-0.9.0.jar;C:\Users\kristipatim\.m2\repository\org\jruby\jcodings\jcodings\1.0.16\jcodings-1.0.16.jar;C:\Users\kristipatim\.m2\repository\com\github\jnr\jffi\1.2.10\jffi-1.2.10.jar;C:\Users\kristipatim\.m2\repository\com\github\jnr\jffi\1.2.10\jffi-1.2.10-native.jar;C:\Users\kristipatim\.m2\repository\org\yaml\snakeyaml\1.15\snakeyaml-1.15.jar;C:\Users\kristipatim\.m2\repository\com\jcraft\jzlib\1.1.3\jzlib-1.1.3.jar;C:\Users\kristipatim\.m2\repository\com\headius\invokebinder\1.2\invokebinder-1.2.jar;C:\Users\kristipatim\.m2\repository\com\headius\options\1.3\options-1.3.jar;C:\Users\kristipatim\.m2\repository\com\martiansoftware\nailgun-server\0.9.1\nailgun-server-0.9.1.jar;C:\Users\kristipatim\.m2\repository\org\jruby\yecht\1.1\yecht-1.1-jruby.jar;C:\Users\kristipatim\.m2\repository\org\mule\modules\mule-module-xml\3.8.5\mule-module-xml-3.8.5.jar;C:\Users\kristipatim\.m2\repository\commons-jxpath\commons-jxpath\1.3\commons-jxpath-1.3.jar;C:\Users\kristipatim\.m2\repository\com\thoughtworks\xstream\xstream\1.4.10\xstream-1.4.10.jar;C:\Users\kristipatim\.m2\repository\xmlpull\xmlpull\1.1.3.1\xmlpull-1.1.3.1.jar;C:\Users\kristipatim\.m2\repository\xpp3\xpp3_min\1.1.3.4.O\xpp3_min-1.1.3.4.O.jar;C:\Users\kristipatim\.m2\repository\org\codehaus\woodstox\woodstox-core-asl\4.4.1\woodstox-core-asl-4.4.1.jar;C:\Users\kristipatim\.m2\repository\org\codehaus\woodstox\stax2-api\3.1.4\stax2-api-3.1.4.jar;C:\Users\kristipatim\.m2\repository\jaxen\jaxen\1.1.1\jaxen-1.1.1.jar;C:\Users\kristipatim\.m2\repository\jdom\jdom\1.0\jdom-1.0.jar;C:\Users\kristipatim\.m2\repository\net\java\dev\stax-utils\stax-utils\20080702\stax-utils-20080702.jar;C:\Users\kristipatim\.m2\repository\net\sf\saxon\Saxon-HE\9.6.0-7\Saxon-HE-9.6.0-7.jar;C:\Users\kristipatim\.m2\repository\net\sf\saxon\Saxon-HE\9.6.0-7\Saxon-HE-9.6.0-7-xqj.jar;C:\Users\kristipatim\.m2\repository\javax\xml\xquery\xqj-api\1.0\xqj-api-1.0.jar;C:\Users\kristipatim\.m2\repository\org\mule\tests\mule-tests-functional\3.8.5\mule-tests-functional-3.8.5.jar;C:\Users\kristipatim\.m2\repository\org\mule\modules\mule-module-extensions-support\3.8.5\mule-module-extensions-support-3.8.5.jar;C:\Users\kristipatim\.m2\repository\org\mule\extensions\mule-extensions-annotations\1.0.0-alpha-1\mule-extensions-annotations-1.0.0-alpha-1.jar;C:\Users\kristipatim\.m2\repository\org\springframework\spring-beans\4.1.9.RELEASE\spring-beans-4.1.9.RELEASE.jar;C:\Users\kristipatim\.m2\repository\junit\junit\4.12\junit-4.12.jar;C:\Users\kristipatim\.m2\repository\org\hamcrest\hamcrest-library\1.3\hamcrest-library-1.3.jar;C:\Users\kristipatim\.m2\repository\org\hamcrest\hamcrest-core\1.3\hamcrest-core-1.3.jar;C:\Users\kristipatim\.m2\repository\commons-net\commons-net\3.5\commons-net-3.5.jar;C:\Users\kristipatim\.m2\repository\org\apache\ftpserver\ftpserver-core\1.0.6\ftpserver-core-1.0.6.jar;C:\Users\kristipatim\.m2\repository\org\apache\mina\mina-core\2.0.4\mina-core-2.0.4.jar;C:\Users\kristipatim\.m2\repository\org\apache\ftpserver\ftplet-api\1.0.6\ftplet-api-1.0.6.jar;C:\Users\kristipatim\.m2\repository\org\apache\sshd\sshd-core\1.0.0\sshd-core-1.0.0.jar;C:\Users\kristipatim\.m2\repository\org\bouncycastle\bcprov-jdk15on\1.56\bcprov-jdk15on-1.56.jar;C:\Users\kristipatim\.m2\repository\commons-dbutils\commons-dbutils\1.2\commons-dbutils-1.2.jar;C:\Users\kristipatim\.m2\repository\org\reflections\reflections\0.9.9\reflections-0.9.9.jar;C:\Users\kristipatim\.m2\repository\org\mule\mule-core\3.8.5\mule-core-3.8.5-tests.jar;C:\Users\kristipatim\.m2\repository\org\mockito\mockito-core\1.10.19\mockito-core-1.10.19.jar;C:\Users\kristipatim\.m2\repository\org\objenesis\objenesis\2.1\objenesis-2.1.jar;C:\Users\kristipatim\.m2\repository\org\mule\modules\mule-module-apikit\3.8.5\mule-module-apikit-3.8.5.jar;C:\Users\kristipatim\.m2\repository\org\mule\raml\parser-interface-impl-v1\3.8.5\parser-interface-impl-v1-3.8.5.jar;C:\Users\kristipatim\.m2\repository\org\raml\raml-parser\0.8.18\raml-parser-0.8.18.jar;C:\Users\kristipatim\.m2\repository\org\slf4j\slf4j-log4j12\1.7.5\slf4j-log4j12-1.7.5.jar;C:\Users\kristipatim\.m2\repository\com\googlecode\juniversalchardet\juniversalchardet\1.0.3\juniversalchardet-1.0.3.jar;C:\Users\kristipatim\.m2\repository\org\mule\raml\parser-interface\3.8.5\parser-interface-3.8.5.jar;C:\Users\kristipatim\.m2\repository\org\mule\raml\parser-interface-impl-v2\3.8.5\parser-interface-impl-v2-3.8.5.jar;C:\Users\kristipatim\.m2\repository\org\raml\raml-parser-2\1.0.10\raml-parser-2-1.0.10.jar;C:\Users\kristipatim\.m2\repository\org\raml\yagi\1.0.10\yagi-1.0.10.jar;C:\Users\kristipatim\.m2\repository\com\google\code\findbugs\annotations\3.0.0\annotations-3.0.0.jar;C:\Users\kristipatim\.m2\repository\org\apache\ws\xmlschema\xmlschema-core\2.2.1\xmlschema-core-2.2.1.jar;C:\Users\kristipatim\.m2\repository\javax\json\javax.json-api\1.0\javax.json-api-1.0.jar;C:\Users\kristipatim\.m2\repository\org\glassfish\javax.json\1.0.4\javax.json-1.0.4.jar;C:\Users\kristipatim\.m2\repository\org\mule\modules\mule-module-apikit-spi\3.8.5\mule-module-apikit-spi-3.8.5.jar;C:\Users\kristipatim\.m2\repository\com\fasterxml\jackson\module\jackson-module-jsonSchema\2.6.6\jackson-module-jsonSchema-2.6.6.jar;C:\Users\kristipatim\.m2\repository\com\fasterxml\jackson\core\jackson-annotations\2.6.0\jackson-annotations-2.6.0.jar;C:\Users\kristipatim\.m2\repository\com\fasterxml\jackson\core\jackson-core\2.6.6\jackson-core-2.6.6.jar;C:\Users\kristipatim\.m2\repository\javax\validation\validation-api\1.1.0.Final\validation-api-1.1.0.Final.jar;C:\Users\kristipatim\.m2\repository\org\mule\modules\mule-module-cors\2.1.2\mule-module-cors-2.1.2.jar;C:\Users\kristipatim\.m2\repository\wsdl4j\wsdl4j\1.6.2\wsdl4j-1.6.2.jar;C:\Users\kristipatim\.m2\repository\com\google\guava\guava\18.0\guava-18.0.jar;C:\Users\kristipatim\.m2\repository\com\github\fge\json-schema-validator\2.2.6\json-schema-validator-2.2.6.jar;C:\Users\kristipatim\.m2\repository\com\googlecode\libphonenumber\libphonenumber\6.2\libphonenumber-6.2.jar;C:\Users\kristipatim\.m2\repository\com\github\fge\json-schema-core\1.2.5\json-schema-core-1.2.5.jar;C:\Users\kristipatim\.m2\repository\com\github\fge\uri-template\0.9\uri-template-0.9.jar;C:\Users\kristipatim\.m2\repository\com\github\fge\msg-simple\1.1\msg-simple-1.1.jar;C:\Users\kristipatim\.m2\repository\com\github\fge\btf\1.2\btf-1.2.jar;C:\Users\kristipatim\.m2\repository\com\github\fge\jackson-coreutils\1.8\jackson-coreutils-1.8.jar;C:\Users\kristipatim\.m2\repository\javax\mail\mailapi\1.4.3\mailapi-1.4.3.jar;C:\Users\kristipatim\.m2\repository\net\sf\jopt-simple\jopt-simple\4.6\jopt-simple-4.6.jar;C:\Users\kristipatim\.m2\repository\com\fasterxml\jackson\core\jackson-databind\2.6.6\jackson-databind-2.6.6.jar;C:\Users\kristipatim\.m2\repository\com\sun\xml\bind\jaxb-impl\2.1.17\jaxb-impl-2.1.17.jar;C:\Users\kristipatim\.m2\repository\com\sun\xml\bind\jaxb-xjc\2.1.17\jaxb-xjc-2.1.17.jar;C:\Users\kristipatim\.m2\repository\com\sun\xml\fastinfoset\FastInfoset\1.2.12\FastInfoset-1.2.12.jar;C:\Users\kristipatim\.m2\repository\javax\xml\bind\jsr173_api\1.0\jsr173_api-1.0.jar;C:\Users\kristipatim\.m2\repository\org\mule\modules\mule-module-http\3.8.5\mule-module-http-3.8.5.jar;C:\Users\kristipatim\.m2\repository\org\mule\transports\mule-transport-tcp\3.8.5\mule-transport-tcp-3.8.5.jar;C:\Users\kristipatim\.m2\repository\org\apache\geronimo\specs\geronimo-servlet_3.0_spec\1.0\geronimo-servlet_3.0_spec-1.0.jar;C:\Users\kristipatim\.m2\repository\org\glassfish\grizzly\grizzly-framework\2.3.29\grizzly-framework-2.3.29.jar;C:\Users\kristipatim\.m2\repository\org\glassfish\grizzly\grizzly-http-server\2.3.29\grizzly-http-server-2.3.29.jar;C:\Users\kristipatim\.m2\repository\org\glassfish\grizzly\grizzly-http\2.3.29\grizzly-http-2.3.29.jar;C:\Users\kristipatim\.m2\repository\org\glassfish\grizzly\connection-pool\2.3.29\connection-pool-2.3.29.jar;C:\Users\kristipatim\.m2\repository\javax\mail\mail\1.4.3\mail-1.4.3.jar;C:\Users\kristipatim\.m2\repository\com\ning\async-http-client\1.9.39\async-http-client-1.9.39.jar;C:\Users\kristipatim\.m2\repository\org\glassfish\grizzly\grizzly-websockets\2.3.29\grizzly-websockets-2.3.29.jar;C:\Users\kristipatim\.m2\repository\org\mule\modules\mule-module-spring-config\3.8.5\mule-module-spring-config-3.8.5.jar;C:\Users\kristipatim\.m2\repository\org\mule\modules\mule-module-annotations\3.8.5\mule-module-annotations-3.8.5.jar;C:\Users\kristipatim\.m2\repository\cglib\cglib-nodep\2.2\cglib-nodep-2.2.jar;C:\Users\kristipatim\.m2\repository\com\mulesoft\munit\mule-munit-support\3.8.5\mule-munit-support-3.8.5.jar;C:\Users\kristipatim\.m2\repository\org\mule\modules\mule-module-devkit-support\3.8.0\mule-module-devkit-support-3.8.0.jar;C:\Users\kristipatim\.m2\repository\oauth\signpost\signpost-core\1.2.1.2\signpost-core-1.2.1.2.jar;C:\Users\kristipatim\.m2\repository\com\mulesoft\modules\mule-interceptor-module\3.8.5\mule-interceptor-module-3.8.5.jar;C:\Users\kristipatim\.m2\repository\xerces\xercesImpl\2.11.0\xercesImpl-2.11.0.jar;C:\Users\kristipatim\.m2\repository\xml-apis\xml-apis\1.4.01\xml-apis-1.4.01.jar;C:\Users\kristipatim\.m2\repository\com\mulesoft\munit\munit-runner\1.3.5\munit-runner-1.3.5.jar;C:\Users\kristipatim\.m2\repository\com\mulesoft\munit\munit-assert\1.3.5\munit-assert-1.3.5.jar;C:\Users\kristipatim\.m2\repository\com\mulesoft\munit\munit-common\1.3.5\munit-common-1.3.5.jar;C:\Users\kristipatim\.m2\repository\org\mockito\mockito-all\1.8.2\mockito-all-1.8.2.jar;C:\Users\kristipatim\.m2\repository\com\mulesoft\munit\munit-mock\1.3.5\munit-mock-1.3.5.jar;C:\Users\kristipatim\.m2\repository\org\apache\commons\commons-lang3\3.0\commons-lang3-3.0.jar;C:\Users\kristipatim\.m2\repository\com\mulesoft\weave\mule-plugin-weave\3.8.5\mule-plugin-weave-3.8.5.jar;C:\Users\kristipatim\.m2\repository\org\scala-lang\scala-library\2.11.7\scala-library-2.11.7.jar;C:\Users\kristipatim\.m2\repository\com\mulesoft\weave\core\1.1.5\core-1.1.5.jar;C:\Users\kristipatim\.m2\repository\com\mulesoft\weave\parser\1.1.5\parser-1.1.5.jar;C:\Users\kristipatim\.m2\repository\org\parboiled\parboiled_2.11\2.1.3\parboiled_2.11-2.1.3.jar;C:\Users\kristipatim\.m2\repository\com\chuusai\shapeless_2.11\2.3.0\shapeless_2.11-2.3.0.jar;C:\Users\kristipatim\.m2\repository\org\typelevel\macro-compat_2.11\1.1.1\macro-compat_2.11-1.1.1.jar;C:\Users\kristipatim\.m2\repository\org\spire-math\spire_2.11\0.11.0\spire_2.11-0.11.0.jar;C:\Users\kristipatim\.m2\repository\org\spire-math\spire-macros_2.11\0.11.0\spire-macros_2.11-0.11.0.jar;C:\Users\kristipatim\.m2\repository\org\typelevel\machinist_2.11\0.4.1\machinist_2.11-0.4.1.jar;C:\Users\kristipatim\.m2\repository\org\threeten\threetenbp\1.3.1\threetenbp-1.3.1.jar;C:\Users\kristipatim\.m2\repository\com\fasterxml\woodstox\woodstox-core\5.0.2\woodstox-core-5.0.2.jar;C:\Users\kristipatim\.m2\repository\com\fasterxml\aalto-xml\1.0.0\aalto-xml-1.0.0.jar;C:\Users\kristipatim\.m2\repository\com\mulesoft\weave\flatfile\1.1.5\flatfile-1.1.5.jar;C:\Users\kristipatim\.m2\repository\org\mule\edi\edi-parser\1.2.8\edi-parser-1.2.8.jar;C:\Users\kristipatim\.m2\repository\org\mule\edi\ltm-datamodel\1.2.8\ltm-datamodel-1.2.8.jar;C:\Users\kristipatim\.m2\repository\log4j\log4j\1.2.17\log4j-1.2.17.jar;C:\Users\kristipatim\.m2\repository\org\scala-lang\scala-reflect\2.11.2\scala-reflect-2.11.2.jar;C:\Users\kristipatim\.m2\repository\org\scala-lang\modules\scala-xml_2.11\1.0.2\scala-xml_2.11-1.0.2.jar;C:\Users\kristipatim\.m2\repository\org\scala-lang\scala-compiler\2.11.5\scala-compiler-2.11.5.jar;C:\Users\kristipatim\.m2\repository\org\scala-lang\modules\scala-parser-combinators_2.11\1.0.3\scala-parser-combinators_2.11-1.0.3.jar;C:\Users\kristipatim\.m2\repository\com\mulesoft\weave\excel\1.1.5\excel-1.1.5.jar;C:\Users\kristipatim\.m2\repository\org\apache\poi\poi\3.15\poi-3.15.jar;C:\Users\kristipatim\.m2\repository\org\apache\commons\commons-collections4\4.1\commons-collections4-4.1.jar;C:\Users\kristipatim\.m2\repository\org\apache\poi\poi-ooxml\3.15\poi-ooxml-3.15.jar;C:\Users\kristipatim\.m2\repository\org\apache\poi\poi-ooxml-schemas\3.15\poi-ooxml-schemas-3.15.jar;C:\Users\kristipatim\.m2\repository\org\apache\xmlbeans\xmlbeans\2.6.0\xmlbeans-2.6.0.jar;C:\Users\kristipatim\.m2\repository\stax\stax-api\1.0.1\stax-api-1.0.1.jar;C:\Users\kristipatim\.m2\repository\com\github\virtuald\curvesapi\1.04\curvesapi-1.04.jar;"/>
    <property name="sun.cpu.endian" value="little"/>
    <property name="user.home" value="C:\Users\kristipatim"/>
    <property name="user.language" value="en"/>
    <property name="java.specification.vendor" value="Oracle Corporation"/>
    <property name="java.home" value="C:\Program Files\Java\jdk1.8.0_131\jre"/>
    <property name="basedir" value="D:\Mulesoft_Traning\Workspace\mule-proj2"/>
    <property name="file.separator" value="\"/>
    <property name="line.separator" value="&#10;"/>
    <property name="java.vm.specification.vendor" value="Oracle Corporation"/>
    <property name="java.specification.name" value="Java Platform API Specification"/>
    <property name="java.awt.graphicsenv" value="sun.awt.Win32GraphicsEnvironment"/>
    <property name="surefire.real.class.path" value="C:\Users\KRISTI~1\AppData\Local\Temp\surefire2065170898115665601\surefirebooter7984009049662989209.jar"/>
    <property name="sun.boot.class.path" value="C:\Program Files\Java\jdk1.8.0_131\jre\lib\resources.jar;C:\Program Files\Java\jdk1.8.0_131\jre\lib\rt.jar;C:\Program Files\Java\jdk1.8.0_131\jre\lib\sunrsasign.jar;C:\Program Files\Java\jdk1.8.0_131\jre\lib\jsse.jar;C:\Program Files\Java\jdk1.8.0_131\jre\lib\jce.jar;C:\Program Files\Java\jdk1.8.0_131\jre\lib\charsets.jar;C:\Program Files\Java\jdk1.8.0_131\jre\lib\jfr.jar;C:\Program Files\Java\jdk1.8.0_131\jre\classes"/>
    <property name="user.script" value=""/>
    <property name="sun.management.compiler" value="HotSpot 64-Bit Tiered Compilers"/>
    <property name="java.runtime.version" value="1.8.0_131-b11"/>
    <property name="user.name" value="kristipatim"/>
    <property name="path.separator" value=";"/>
    <property name="os.version" value="10.0"/>
    <property name="java.endorsed.dirs" value="C:\Program Files\Java\jdk1.8.0_131\jre\lib\endorsed"/>
    <property name="java.runtime.name" value="Java(TM) SE Runtime Environment"/>
    <property name="file.encoding" value="Cp1252"/>
    <property name="java.vm.name" value="Java HotSpot(TM) 64-Bit Server VM"/>
    <property name="localRepository" value="C:\Users\kristipatim\.m2\repository"/>
    <property name="java.vendor.url.bug" value="http://bugreport.sun.com/bugreport/"/>
    <property name="java.io.tmpdir" value="C:\Users\KRISTI~1\AppData\Local\Temp\"/>
    <property name="java.version" value="1.8.0_131"/>
    <property name="user.dir" value="D:\Mulesoft_Traning\Workspace\mule-proj2"/>
    <property name="os.arch" value="amd64"/>
    <property name="java.vm.specification.name" value="Java Virtual Machine Specification"/>
    <property name="java.awt.printerjob" value="sun.awt.windows.WPrinterJob"/>
    <property name="sun.os.patch.level" value=""/>
    <property name="java.library.path" value="C:\Program Files\Java\jdk1.8.0_131\jre\bin;C:\WINDOWS\Sun\Java\bin;C:\WINDOWS\system32;C:\WINDOWS;C:/Program Files/Java/jdk1.8.0_131/bin/../jre/bin/server;C:/Program Files/Java/jdk1.8.0_131/bin/../jre/bin;C:/Program Files/Java/jdk1.8.0_131/bin/../jre/lib/amd64;C:\WINDOWS\system32;C:\WINDOWS;C:\WINDOWS\System32\Wbem;C:\WINDOWS\System32\WindowsPowerShell\v1.0\;C:\Program Files\TortoiseSVN\bin;C:\Program Files\Java\jdk1.8.0_131\bin;C:\Program Files\EmEditor;C:\apache-maven-3.2.5\bin;C:\Users\kristipatim\AppData\Local\Microsoft\WindowsApps;C:\Users\kristipatim\AppData\Local\Programs\Git\cmd;D:\AnypointStudio-6\AnypointStudio;;."/>
    <property name="java.vm.info" value="mixed mode"/>
    <property name="java.vendor" value="Oracle Corporation"/>
    <property name="java.vm.version" value="25.131-b11"/>
    <property name="java.ext.dirs" value="C:\Program Files\Java\jdk1.8.0_131\jre\lib\ext;C:\WINDOWS\Sun\Java\lib\ext"/>
    <property name="sun.io.unicode.encoding" value="UnicodeLittle"/>
    <property name="java.class.version" value="52.0"/>
  </properties>
  <testcase name="mavenFlowReturnsHelloMaven" classname="com.mulesoft.training.HelloMavenTest" time="8.067"/>
</testsuite>